   1               		.file	"sd_raw.c"
   2               	__SREG__ = 0x3f
   3               	__SP_H__ = 0x3e
   4               	__SP_L__ = 0x3d
   5               	__CCP__  = 0x34
   6               	__tmp_reg__ = 0
   7               	__zero_reg__ = 1
  15               	.Ltext0:
  16               	.global	sd_raw_available
  18               	sd_raw_available:
  19               	.LFB3:
  20               	.LM1:
  21               	/* prologue: function */
  22               	/* frame size = 0 */
  23               	.LM2:
  24 0000 83B3      		in r24,51-32
  25 0002 8295      		swap r24
  26 0004 8F70      		andi r24,lo8(15)
  27 0006 8095      		com r24
  28               	.LM3:
  29 0008 8170      		andi r24,lo8(1)
  30               	/* epilogue start */
  31 000a 0895      		ret
  32               	.LFE3:
  34               	.global	sd_raw_locked
  36               	sd_raw_locked:
  37               	.LFB4:
  38               	.LM4:
  39               	/* prologue: function */
  40               	/* frame size = 0 */
  41               	.LM5:
  42 000c 83B3      		in r24,51-32
  43 000e 8295      		swap r24
  44 0010 8695      		lsr r24
  45 0012 8770      		andi r24,lo8(7)
  46 0014 8095      		com r24
  47               	.LM6:
  48 0016 8170      		andi r24,lo8(1)
  49               	/* epilogue start */
  50 0018 0895      		ret
  51               	.LFE4:
  54               	sd_raw_send_command_r1:
  55               	.LFB7:
  56               	.LM7:
  57               	.LVL0:
  58               	/* prologue: function */
  59               	/* frame size = 0 */
  60 001a 282F      		mov r18,r24
  61               	.LBB66:
  62               	.LBB67:
  63               	.LM8:
  64 001c 8FEF      		ldi r24,lo8(-1)
  65               	.LVL1:
  66 001e 8FB9      		out 47-32,r24
  67               	.L6:
  68               	.LM9:
  69 0020 779B      		sbis 46-32,7
  70 0022 00C0      		rjmp .L6
  71               	.LM10:
  72 0024 7798      		cbi 46-32,7
  73               	.LM11:
  74 0026 8FB1      		in r24,47-32
  75               	.LBE67:
  76               	.LBE66:
  77               	.LM12:
  78 0028 822F      		mov r24,r18
  79 002a 8064      		ori r24,lo8(64)
  80               	.LBB68:
  81               	.LBB69:
  82               	.LM13:
  83 002c 8FB9      		out 47-32,r24
  84               	.L7:
  85               	.LM14:
  86 002e 779B      		sbis 46-32,7
  87 0030 00C0      		rjmp .L7
  88               	.LM15:
  89 0032 7798      		cbi 46-32,7
  90               	.LBE69:
  91               	.LBE68:
  92               	.LM16:
  93 0034 872F      		mov r24,r23
  94 0036 9927      		clr r25
  95 0038 AA27      		clr r26
  96 003a BB27      		clr r27
  97               	.LBB70:
  98               	.LBB71:
  99               	.LM17:
 100 003c 8FB9      		out 47-32,r24
 101               	.L8:
 102               	.LM18:
 103 003e 779B      		sbis 46-32,7
 104 0040 00C0      		rjmp .L8
 105               	.LM19:
 106 0042 7798      		cbi 46-32,7
 107               	.LBE71:
 108               	.LBE70:
 109               	.LM20:
 110 0044 CB01      		movw r24,r22
 111 0046 AA27      		clr r26
 112 0048 BB27      		clr r27
 113               	.LBB72:
 114               	.LBB73:
 115               	.LM21:
 116 004a 8FB9      		out 47-32,r24
 117               	.L9:
 118               	.LM22:
 119 004c 779B      		sbis 46-32,7
 120 004e 00C0      		rjmp .L9
 121               	.LM23:
 122 0050 7798      		cbi 46-32,7
 123               	.LBE73:
 124               	.LBE72:
 125               	.LM24:
 126 0052 BB27      		clr r27
 127 0054 A72F      		mov r26,r23
 128 0056 962F      		mov r25,r22
 129 0058 852F      		mov r24,r21
 130               	.LBB74:
 131               	.LBB75:
 132               	.LM25:
 133 005a 8FB9      		out 47-32,r24
 134               	.L10:
 135               	.LM26:
 136 005c 779B      		sbis 46-32,7
 137 005e 00C0      		rjmp .L10
 138               	.LM27:
 139 0060 7798      		cbi 46-32,7
 140               	.LBE75:
 141               	.LBE74:
 142               	.LBB76:
 143               	.LBB77:
 144               	.LM28:
 145 0062 4FB9      		out 47-32,r20
 146               	.L11:
 147               	.LM29:
 148 0064 779B      		sbis 46-32,7
 149 0066 00C0      		rjmp .L11
 150               	.LM30:
 151 0068 7798      		cbi 46-32,7
 152               	.LBE77:
 153               	.LBE76:
 154               	.LM31:
 155 006a 2223      		tst r18
 156 006c 01F0      		breq .L12
 157 006e 8FEF      		ldi r24,lo8(-1)
 158 0070 00C0      		rjmp .L13
 159               	.L12:
 160 0072 85E9      		ldi r24,lo8(-107)
 161               	.L13:
 162               	.LBB78:
 163               	.LBB79:
 164               	.LM32:
 165 0074 8FB9      		out 47-32,r24
 166               	.L14:
 167               	.LM33:
 168 0076 779B      		sbis 46-32,7
 169 0078 00C0      		rjmp .L14
 170               	.LM34:
 171 007a 7798      		cbi 46-32,7
 172 007c 90E0      		ldi r25,lo8(0)
 173               	.LVL2:
 174               	.LBE79:
 175               	.LBE78:
 176               	.LBB80:
 177               	.LBB81:
 178               	.LBB82:
 179               	.LM35:
 180 007e 2FEF      		ldi r18,lo8(-1)
 181               	.LVL3:
 182               	.L17:
 183 0080 2FB9      		out 47-32,r18
 184               	.L15:
 185               	.LM36:
 186 0082 779B      		sbis 46-32,7
 187 0084 00C0      		rjmp .L15
 188               	.LM37:
 189 0086 7798      		cbi 46-32,7
 190               	.LM38:
 191 0088 8FB1      		in r24,47-32
 192               	.LBE82:
 193               	.LBE81:
 194               	.LM39:
 195 008a 8F3F      		cpi r24,lo8(-1)
 196 008c 01F4      		brne .L16
 197               	.LM40:
 198 008e 9F5F      		subi r25,lo8(-(1))
 199 0090 9A30      		cpi r25,lo8(10)
 200 0092 01F4      		brne .L17
 201               	.L16:
 202               	.LVL4:
 203               	.LBE80:
 204               	.LM41:
 205 0094 0895      		ret
 206               	.LFE7:
 208               	.global	sd_raw_get_info
 210               	sd_raw_get_info:
 211               	.LFB13:
 212               	.LM42:
 213               	.LVL5:
 214 0096 0F93      		push r16
 215 0098 1F93      		push r17
 216 009a CF93      		push r28
 217 009c DF93      		push r29
 218               	/* prologue: function */
 219               	/* frame size = 0 */
 220 009e EC01      		movw r28,r24
 221               	.LM43:
 222 00a0 0097      		sbiw r24,0
 223 00a2 01F4      		brne .+2
 224 00a4 00C0      		rjmp .L29
 225               	.LBB83:
 226               	.LBB84:
 227               	.LM44:
 228 00a6 83B3      		in r24,51-32
 229               	.LVL6:
 230               	.LBE84:
 231               	.LBE83:
 232               	.LM45:
 233 00a8 8295      		swap r24
 234 00aa 8F70      		andi r24,lo8(15)
 235 00ac 80FD      		sbrc r24,0
 236 00ae 00C0      		rjmp .L29
 237               	.LM46:
 238 00b0 89E1      		ldi r24,lo8(25)
 239 00b2 FE01      		movw r30,r28
 240 00b4 1192      		st Z+,__zero_reg__
 241 00b6 8A95      	        dec r24
 242 00b8 01F4      		brne .-6
 243               	.LM47:
 244 00ba C498      		cbi 56-32,4
 245               	.LM48:
 246 00bc 8AE0      		ldi r24,lo8(10)
 247 00be 40E0      		ldi r20,lo8(0)
 248 00c0 50E0      		ldi r21,hi8(0)
 249 00c2 60E0      		ldi r22,hlo8(0)
 250 00c4 70E0      		ldi r23,hhi8(0)
 251 00c6 0E94 0000 		call sd_raw_send_command_r1
 252 00ca 8823      		tst r24
 253 00cc 01F0      		breq .+2
 254 00ce 00C0      		rjmp .L74
 255               	.L30:
 256               	.LBB85:
 257               	.LBB86:
 258               	.LM49:
 259 00d0 9FEF      		ldi r25,lo8(-1)
 260               	.L63:
 261 00d2 9FB9      		out 47-32,r25
 262               	.L32:
 263               	.LM50:
 264 00d4 779B      		sbis 46-32,7
 265 00d6 00C0      		rjmp .L32
 266               	.LM51:
 267 00d8 7798      		cbi 46-32,7
 268               	.LM52:
 269 00da 8FB1      		in r24,47-32
 270               	.LBE86:
 271               	.LBE85:
 272               	.LM53:
 273 00dc 8E3F      		cpi r24,lo8(-2)
 274 00de 01F4      		brne .L63
 275 00e0 1C2F      		mov r17,r28
 276 00e2 CE01      		movw r24,r28
 277               	.LVL7:
 278 00e4 FC01      		movw r30,r24
 279 00e6 60E6      		ldi r22,lo8(96)
 280 00e8 70E0      		ldi r23,hi8(96)
 281               	.LBB87:
 282               	.LBB88:
 283               	.LBB89:
 284               	.LBB90:
 285               	.LM54:
 286 00ea 0FEF      		ldi r16,lo8(-1)
 287               	.LVL8:
 288               	.L44:
 289               	.LBE90:
 290               	.LBE89:
 291               	.LBE88:
 292               	.LBE87:
 293               	.LM55:
 294 00ec 8E2F      		mov r24,r30
 295               	.LVL9:
 296 00ee 811B      		sub r24,r17
 297               	.LBB94:
 298               	.LBB93:
 299               	.LBB92:
 300               	.LBB91:
 301               	.LM56:
 302 00f0 0FB9      		out 47-32,r16
 303               	.L33:
 304               	.LM57:
 305 00f2 779B      		sbis 46-32,7
 306 00f4 00C0      		rjmp .L33
 307               	.LM58:
 308 00f6 7798      		cbi 46-32,7
 309               	.LM59:
 310 00f8 2FB1      		in r18,47-32
 311               	.LBE91:
 312               	.LBE92:
 313               	.LM60:
 314 00fa 8830      		cpi r24,lo8(8)
 315 00fc 00F4      		brsh .L42
 316 00fe 8330      		cpi r24,lo8(3)
 317 0100 00F4      		brsh .L37
 318 0102 8823      		tst r24
 319 0104 01F0      		breq .L35
 320 0106 00C0      		rjmp .L75
 321               	.L42:
 322 0108 8D30      		cpi r24,lo8(13)
 323 010a 00F4      		brsh .L43
 324 010c 8930      		cpi r24,lo8(9)
 325 010e 00F4      		brsh .L39
 326 0110 00C0      		rjmp .L76
 327               	.L43:
 328 0112 8D30      		cpi r24,lo8(13)
 329 0114 01F0      		breq .L40
 330 0116 8E30      		cpi r24,lo8(14)
 331 0118 01F4      		brne .L34
 332 011a 00C0      		rjmp .L77
 333               	.L35:
 334               	.LM61:
 335 011c 2883      		st Y,r18
 336 011e 00C0      		rjmp .L34
 337               	.L75:
 338               	.LM62:
 339 0120 2083      		st Z,r18
 340 0122 00C0      		rjmp .L34
 341               	.L37:
 342               	.LM63:
 343 0124 2183      		std Z+1,r18
 344 0126 00C0      		rjmp .L34
 345               	.L76:
 346               	.LM64:
 347 0128 2A87      		std Y+10,r18
 348 012a 00C0      		rjmp .L34
 349               	.L39:
 350               	.LM65:
 351 012c 30E0      		ldi r19,lo8(0)
 352 012e 40E0      		ldi r20,lo8(0)
 353 0130 50E0      		ldi r21,hi8(0)
 354 0132 062E      		mov r0,r22
 355 0134 00C0      		rjmp 2f
 356 0136 220F      	1:	lsl r18
 357 0138 331F      		rol r19
 358 013a 441F      		rol r20
 359 013c 551F      		rol r21
 360 013e 0A94      	2:	dec r0
 361 0140 02F4      		brpl 1b
 362               	.LVL10:
 363 0142 8B85      		ldd r24,Y+11
 364 0144 9C85      		ldd r25,Y+12
 365 0146 AD85      		ldd r26,Y+13
 366 0148 BE85      		ldd r27,Y+14
 367               	.LVL11:
 368 014a 822B      		or r24,r18
 369 014c 932B      		or r25,r19
 370 014e A42B      		or r26,r20
 371 0150 B52B      		or r27,r21
 372 0152 8B87      		std Y+11,r24
 373 0154 9C87      		std Y+12,r25
 374 0156 AD87      		std Y+13,r26
 375 0158 BE87      		std Y+14,r27
 376 015a 00C0      		rjmp .L34
 377               	.LVL12:
 378               	.L40:
 379               	.LM66:
 380 015c 2295      		swap r18
 381 015e 207F      		andi r18,lo8(-16)
 382 0160 2F87      		std Y+15,r18
 383 0162 00C0      		rjmp .L34
 384               	.L77:
 385               	.LM67:
 386 0164 922F      		mov r25,r18
 387 0166 9295      		swap r25
 388 0168 9F70      		andi r25,lo8(15)
 389 016a 8F85      		ldd r24,Y+15
 390               	.LVL13:
 391 016c 892B      		or r24,r25
 392 016e 8F87      		std Y+15,r24
 393               	.LM68:
 394 0170 2F70      		andi r18,lo8(15)
 395 0172 288B      		std Y+16,r18
 396               	.LVL14:
 397               	.L34:
 398 0174 3196      		adiw r30,1
 399 0176 6850      		subi r22,lo8(-(-8))
 400 0178 7040      		sbci r23,hi8(-(-8))
 401               	.LBE93:
 402               	.LM69:
 403 017a 8FEF      		ldi r24,hi8(-48)
 404 017c 603D      		cpi r22,lo8(-48)
 405 017e 7807      		cpc r23,r24
 406               	.LVL15:
 407 0180 01F0      		breq .+2
 408 0182 00C0      		rjmp .L44
 409               	.LBE94:
 410               	.LM70:
 411 0184 89E0      		ldi r24,lo8(9)
 412 0186 40E0      		ldi r20,lo8(0)
 413 0188 50E0      		ldi r21,hi8(0)
 414 018a 60E0      		ldi r22,hlo8(0)
 415 018c 70E0      		ldi r23,hhi8(0)
 416               	.LVL16:
 417 018e 0E94 0000 		call sd_raw_send_command_r1
 418               	.LVL17:
 419 0192 8823      		tst r24
 420 0194 01F0      		breq .L45
 421               	.L74:
 422               	.LM71:
 423 0196 C49A      		sbi 56-32,4
 424 0198 00C0      		rjmp .L29
 425               	.L45:
 426               	.LBB95:
 427               	.LBB96:
 428               	.LM72:
 429 019a 9FEF      		ldi r25,lo8(-1)
 430               	.L62:
 431 019c 9FB9      		out 47-32,r25
 432               	.L46:
 433               	.LM73:
 434 019e 779B      		sbis 46-32,7
 435 01a0 00C0      		rjmp .L46
 436               	.LM74:
 437 01a2 7798      		cbi 46-32,7
 438               	.LM75:
 439 01a4 8FB1      		in r24,47-32
 440               	.LBE96:
 441               	.LBE95:
 442               	.LM76:
 443 01a6 8E3F      		cpi r24,lo8(-2)
 444 01a8 01F4      		brne .L62
 445 01aa B0E0      		ldi r27,lo8(0)
 446               	.LVL18:
 447 01ac F0E0      		ldi r31,lo8(0)
 448               	.LVL19:
 449 01ae 60E0      		ldi r22,lo8(0)
 450 01b0 70E0      		ldi r23,hi8(0)
 451               	.LVL20:
 452 01b2 E0E0      		ldi r30,lo8(0)
 453               	.LVL21:
 454               	.LBB97:
 455               	.LBB98:
 456               	.LBB99:
 457               	.LBB100:
 458               	.LM77:
 459 01b4 1FEF      		ldi r17,lo8(-1)
 460               	.LBE100:
 461               	.LBE99:
 462               	.LM78:
 463 01b6 A1E0      		ldi r26,lo8(1)
 464               	.LVL22:
 465               	.L60:
 466               	.LBB102:
 467               	.LBB101:
 468               	.LM79:
 469 01b8 1FB9      		out 47-32,r17
 470               	.L47:
 471               	.LM80:
 472 01ba 779B      		sbis 46-32,7
 473 01bc 00C0      		rjmp .L47
 474               	.LM81:
 475 01be 7798      		cbi 46-32,7
 476               	.LM82:
 477 01c0 8FB1      		in r24,47-32
 478               	.LBE101:
 479               	.LBE102:
 480               	.LM83:
 481 01c2 E830      		cpi r30,lo8(8)
 482 01c4 01F0      		breq .L52
 483 01c6 E930      		cpi r30,lo8(9)
 484 01c8 00F4      		brsh .L56
 485 01ca E630      		cpi r30,lo8(6)
 486 01cc 01F0      		breq .L50
 487 01ce E730      		cpi r30,lo8(7)
 488 01d0 00F4      		brsh .L51
 489 01d2 E530      		cpi r30,lo8(5)
 490 01d4 01F0      		breq .+2
 491 01d6 00C0      		rjmp .L48
 492 01d8 00C0      		rjmp .L78
 493               	.L56:
 494 01da EA30      		cpi r30,lo8(10)
 495 01dc 01F0      		breq .L54
 496 01de EA30      		cpi r30,lo8(10)
 497 01e0 00F0      		brlo .L53
 498 01e2 EE30      		cpi r30,lo8(14)
 499 01e4 01F0      		breq .+2
 500 01e6 00C0      		rjmp .L48
 501 01e8 00C0      		rjmp .L79
 502               	.L78:
 503               	.LM84:
 504 01ea B82F      		mov r27,r24
 505 01ec BF70      		andi r27,lo8(15)
 506 01ee 00C0      		rjmp .L48
 507               	.L50:
 508               	.LM85:
 509 01f0 90E0      		ldi r25,lo8(0)
 510               	.LVL23:
 511 01f2 8370      		andi r24,lo8(3)
 512 01f4 9070      		andi r25,hi8(3)
 513               	.LVL24:
 514 01f6 782F      		mov r23,r24
 515 01f8 6627      		clr r22
 516               	.LVL25:
 517 01fa 00C0      		rjmp .L48
 518               	.LVL26:
 519               	.L51:
 520               	.LM86:
 521 01fc 90E0      		ldi r25,lo8(0)
 522               	.LVL27:
 523 01fe 682B      		or r22,r24
 524 0200 792B      		or r23,r25
 525               	.LM87:
 526 0202 660F      		lsl r22
 527 0204 771F      		rol r23
 528 0206 660F      		lsl r22
 529 0208 771F      		rol r23
 530 020a 00C0      		rjmp .L48
 531               	.LVL28:
 532               	.L52:
 533               	.LM88:
 534 020c 8295      		swap r24
 535 020e 8695      		lsr r24
 536 0210 8695      		lsr r24
 537 0212 8370      		andi r24,lo8(3)
 538 0214 90E0      		ldi r25,lo8(0)
 539               	.LVL29:
 540 0216 682B      		or r22,r24
 541 0218 792B      		or r23,r25
 542               	.LVL30:
 543               	.LM89:
 544 021a 6F5F      		subi r22,lo8(-(1))
 545 021c 7F4F      		sbci r23,hi8(-(1))
 546 021e 00C0      		rjmp .L48
 547               	.LVL31:
 548               	.L53:
 549               	.LM90:
 550 0220 F82F      		mov r31,r24
 551 0222 F370      		andi r31,lo8(3)
 552 0224 FF0F      		lsl r31
 553 0226 00C0      		rjmp .L48
 554               	.L54:
 555               	.LM91:
 556 0228 881F      		rol r24
 557 022a 8827      		clr r24
 558 022c 881F      		rol r24
 559 022e F82B      		or r31,r24
 560               	.LM92:
 561 0230 9B01      		movw r18,r22
 562 0232 40E0      		ldi r20,lo8(0)
 563 0234 50E0      		ldi r21,hi8(0)
 564 0236 8B2F      		mov r24,r27
 565               	.LVL32:
 566 0238 90E0      		ldi r25,lo8(0)
 567               	.LVL33:
 568 023a 0296      		adiw r24,2
 569               	.LVL34:
 570 023c 8F0F      		add r24,r31
 571 023e 911D      		adc r25,__zero_reg__
 572               	.LVL35:
 573 0240 00C0      		rjmp 2f
 574 0242 220F      	1:	lsl r18
 575 0244 331F      		rol r19
 576 0246 441F      		rol r20
 577 0248 551F      		rol r21
 578 024a 8A95      	2:	dec r24
 579 024c 02F4      		brpl 1b
 580               	.LVL36:
 581 024e 298B      		std Y+17,r18
 582 0250 3A8B      		std Y+18,r19
 583 0252 4B8B      		std Y+19,r20
 584 0254 5C8B      		std Y+20,r21
 585 0256 00C0      		rjmp .L48
 586               	.LVL37:
 587               	.L79:
 588               	.LM93:
 589 0258 90E0      		ldi r25,lo8(0)
 590               	.LVL38:
 591 025a 86FD      		sbrc r24,6
 592               	.LVL39:
 593               	.LM94:
 594 025c AD8B      		std Y+21,r26
 595               	.L57:
 596               	.LM95:
 597 025e 85FD      		sbrc r24,5
 598               	.LM96:
 599 0260 AE8B      		std Y+22,r26
 600               	.L58:
 601               	.LM97:
 602 0262 84FD      		sbrc r24,4
 603               	.LM98:
 604 0264 AF8B      		std Y+23,r26
 605               	.L59:
 606               	.LM99:
 607 0266 8C70      		andi r24,lo8(12)
 608 0268 9070      		andi r25,hi8(12)
 609 026a 9595      		asr r25
 610 026c 8795      		ror r24
 611 026e 9595      		asr r25
 612 0270 8795      		ror r24
 613               	.LVL40:
 614 0272 888F      		std Y+24,r24
 615               	.LVL41:
 616               	.L48:
 617               	.LBE98:
 618               	.LM100:
 619 0274 EF5F      		subi r30,lo8(-(1))
 620 0276 E231      		cpi r30,lo8(18)
 621 0278 01F0      		breq .+2
 622 027a 00C0      		rjmp .L60
 623               	.LVL42:
 624               	.LBE97:
 625               	.LM101:
 626 027c C49A      		sbi 56-32,4
 627 027e 81E0      		ldi r24,lo8(1)
 628               	.LVL43:
 629 0280 00C0      		rjmp .L31
 630               	.LVL44:
 631               	.L29:
 632               	.LM102:
 633 0282 80E0      		ldi r24,lo8(0)
 634               	.LVL45:
 635               	.L31:
 636               	/* epilogue start */
 637               	.LM103:
 638 0284 DF91      		pop r29
 639 0286 CF91      		pop r28
 640               	.LVL46:
 641 0288 1F91      		pop r17
 642 028a 0F91      		pop r16
 643 028c 0895      		ret
 644               	.LFE13:
 646               	.global	sd_raw_write
 648               	sd_raw_write:
 649               	.LFB10:
 650               	.LM104:
 651               	.LVL47:
 652 028e 2F92      		push r2
 653 0290 3F92      		push r3
 654 0292 4F92      		push r4
 655 0294 5F92      		push r5
 656 0296 6F92      		push r6
 657 0298 7F92      		push r7
 658 029a 8F92      		push r8
 659 029c 9F92      		push r9
 660 029e AF92      		push r10
 661 02a0 BF92      		push r11
 662 02a2 CF92      		push r12
 663 02a4 DF92      		push r13
 664 02a6 EF92      		push r14
 665 02a8 FF92      		push r15
 666 02aa 0F93      		push r16
 667 02ac 1F93      		push r17
 668 02ae CF93      		push r28
 669 02b0 DF93      		push r29
 670               	/* prologue: function */
 671               	/* frame size = 0 */
 672 02b2 4B01      		movw r8,r22
 673 02b4 5C01      		movw r10,r24
 674 02b6 2A01      		movw r4,r20
 675 02b8 3901      		movw r6,r18
 676               	.LM105:
 677 02ba 83B3      		in r24,51-32
 678 02bc 8295      		swap r24
 679 02be 8695      		lsr r24
 680 02c0 8770      		andi r24,lo8(7)
 681 02c2 80FF      		sbrs r24,0
 682 02c4 00C0      		rjmp .L110
 683               	.LVL48:
 684 02c6 00C0      		rjmp .L81
 685               	.LVL49:
 686               	.L100:
 687               	.LBB103:
 688               	.LM106:
 689 02c8 E12C      		mov r14,__zero_reg__
 690 02ca EEEF      		ldi r30,hi8(-512)
 691 02cc FE2E      		mov r15,r30
 692 02ce EFEF      		ldi r30,hlo8(-512)
 693 02d0 0E2F      		mov r16,r30
 694 02d2 EFEF      		ldi r30,hhi8(-512)
 695 02d4 1E2F      		mov r17,r30
 696               	.LVL50:
 697 02d6 E820      		and r14,r8
 698 02d8 F920      		and r15,r9
 699 02da 0A21      		and r16,r10
 700 02dc 1B21      		and r17,r11
 701               	.LM107:
 702 02de 7FEF      		ldi r23,lo8(511)
 703 02e0 C72E      		mov r12,r23
 704 02e2 71E0      		ldi r23,hi8(511)
 705 02e4 D72E      		mov r13,r23
 706 02e6 C820      		and r12,r8
 707 02e8 D920      		and r13,r9
 708               	.LM108:
 709 02ea C0E0      		ldi r28,lo8(512)
 710 02ec D2E0      		ldi r29,hi8(512)
 711 02ee CC19      		sub r28,r12
 712 02f0 DD09      		sbc r29,r13
 713 02f2 6C16      		cp r6,r28
 714 02f4 7D06      		cpc r7,r29
 715 02f6 00F4      		brsh .L83
 716 02f8 E301      		movw r28,r6
 717               	.L83:
 718               	.LM109:
 719 02fa 8091 0000 		lds r24,raw_block_address
 720 02fe 9091 0000 		lds r25,(raw_block_address)+1
 721 0302 A091 0000 		lds r26,(raw_block_address)+2
 722 0306 B091 0000 		lds r27,(raw_block_address)+3
 723 030a E816      		cp r14,r24
 724 030c F906      		cpc r15,r25
 725 030e 0A07      		cpc r16,r26
 726 0310 1B07      		cpc r17,r27
 727 0312 01F0      		breq .L84
 728               	.LM110:
 729 0314 0E94 0000 		call sd_raw_sync
 730               	.LVL51:
 731 0318 8823      		tst r24
 732 031a 01F4      		brne .+2
 733 031c 00C0      		rjmp .L81
 734               	.LM111:
 735 031e C114      		cp r12,__zero_reg__
 736 0320 D104      		cpc r13,__zero_reg__
 737 0322 01F4      		brne .L85
 738 0324 82E0      		ldi r24,hi8(512)
 739 0326 C030      		cpi r28,lo8(512)
 740 0328 D807      		cpc r29,r24
 741 032a 00F4      		brsh .L86
 742               	.L85:
 743               	.LM112:
 744 032c C801      		movw r24,r16
 745 032e B701      		movw r22,r14
 746 0330 40E0      		ldi r20,lo8(raw_block)
 747 0332 50E0      		ldi r21,hi8(raw_block)
 748 0334 20E0      		ldi r18,lo8(512)
 749 0336 32E0      		ldi r19,hi8(512)
 750 0338 0E94 0000 		call sd_raw_read
 751 033c 8823      		tst r24
 752 033e 01F4      		brne .+2
 753 0340 00C0      		rjmp .L81
 754               	.L86:
 755               	.LM113:
 756 0342 E092 0000 		sts raw_block_address,r14
 757 0346 F092 0000 		sts (raw_block_address)+1,r15
 758 034a 0093 0000 		sts (raw_block_address)+2,r16
 759 034e 1093 0000 		sts (raw_block_address)+3,r17
 760               	.LVL52:
 761               	.L84:
 762               	.LM114:
 763 0352 80E0      		ldi r24,lo8(raw_block)
 764 0354 4816      		cp r4,r24
 765 0356 80E0      		ldi r24,hi8(raw_block)
 766 0358 5806      		cpc r5,r24
 767 035a 01F0      		breq .L87
 768               	.LM115:
 769 035c 9601      		movw r18,r12
 770 035e 2050      		subi r18,lo8(-(raw_block))
 771 0360 3040      		sbci r19,hi8(-(raw_block))
 772 0362 C901      		movw r24,r18
 773 0364 B201      		movw r22,r4
 774               	.LVL53:
 775 0366 AE01      		movw r20,r28
 776               	.LVL54:
 777 0368 0E94 0000 		call memcpy
 778               	.LVL55:
 779               	.LM116:
 780 036c 1092 0000 		sts raw_block_written,__zero_reg__
 781               	.LM117:
 782 0370 6C16      		cp r6,r28
 783 0372 7D06      		cpc r7,r29
 784               	.LVL56:
 785 0374 01F4      		brne .+2
 786 0376 00C0      		rjmp .L89
 787               	.LVL57:
 788               	.L87:
 789               	.LM118:
 790 0378 C498      		cbi 56-32,4
 791               	.LM119:
 792 037a 88E1      		ldi r24,lo8(24)
 793 037c B801      		movw r22,r16
 794 037e A701      		movw r20,r14
 795 0380 0E94 0000 		call sd_raw_send_command_r1
 796               	.LVL58:
 797 0384 8823      		tst r24
 798 0386 01F0      		breq .L90
 799               	.LM120:
 800 0388 C49A      		sbi 56-32,4
 801 038a 00C0      		rjmp .L81
 802               	.L90:
 803               	.LBB104:
 804               	.LBB105:
 805               	.LM121:
 806 038c 8EEF      		ldi r24,lo8(-2)
 807 038e 8FB9      		out 47-32,r24
 808               	.L92:
 809               	.LM122:
 810 0390 779B      		sbis 46-32,7
 811 0392 00C0      		rjmp .L92
 812               	.LM123:
 813 0394 7798      		cbi 46-32,7
 814 0396 E0E0      		ldi r30,lo8(raw_block)
 815 0398 F0E0      		ldi r31,hi8(raw_block)
 816               	.LVL59:
 817               	.L94:
 818               	.LBE105:
 819               	.LBE104:
 820               	.LBB106:
 821               	.LM124:
 822 039a 8191      		ld r24,Z+
 823               	.LBB107:
 824               	.LBB108:
 825               	.LM125:
 826 039c 8FB9      		out 47-32,r24
 827               	.L93:
 828               	.LM126:
 829 039e 779B      		sbis 46-32,7
 830 03a0 00C0      		rjmp .L93
 831               	.LM127:
 832 03a2 7798      		cbi 46-32,7
 833               	.LBE108:
 834               	.LBE107:
 835               	.LM128:
 836 03a4 80E0      		ldi r24,hi8(raw_block+512)
 837 03a6 E030      		cpi r30,lo8(raw_block+512)
 838 03a8 F807      		cpc r31,r24
 839 03aa 01F4      		brne .L94
 840               	.LBE106:
 841               	.LBB109:
 842               	.LBB110:
 843               	.LM129:
 844 03ac 3FB8      		out 47-32,r3
 845               	.L95:
 846               	.LM130:
 847 03ae 779B      		sbis 46-32,7
 848 03b0 00C0      		rjmp .L95
 849               	.LM131:
 850 03b2 7798      		cbi 46-32,7
 851               	.LBE110:
 852               	.LBE109:
 853               	.LBB112:
 854               	.LBB113:
 855               	.LM132:
 856 03b4 3FB8      		out 47-32,r3
 857               	.L96:
 858               	.LM133:
 859 03b6 779B      		sbis 46-32,7
 860 03b8 00C0      		rjmp .L96
 861               	.LM134:
 862 03ba 7798      		cbi 46-32,7
 863               	.L98:
 864               	.LBE113:
 865               	.LBE112:
 866               	.LBB114:
 867               	.LBB115:
 868               	.LM135:
 869 03bc 3FB8      		out 47-32,r3
 870               	.L97:
 871               	.LM136:
 872 03be 779B      		sbis 46-32,7
 873 03c0 00C0      		rjmp .L97
 874               	.LM137:
 875 03c2 7798      		cbi 46-32,7
 876               	.LM138:
 877 03c4 8FB1      		in r24,47-32
 878               	.LBE115:
 879               	.LBE114:
 880               	.LM139:
 881 03c6 8F3F      		cpi r24,lo8(-1)
 882 03c8 01F4      		brne .L98
 883               	.LBB116:
 884               	.LBB117:
 885               	.LM140:
 886 03ca 8FB9      		out 47-32,r24
 887               	.L99:
 888               	.LM141:
 889 03cc 779B      		sbis 46-32,7
 890 03ce 00C0      		rjmp .L99
 891               	.LM142:
 892 03d0 7798      		cbi 46-32,7
 893               	.LM143:
 894 03d2 8FB1      		in r24,47-32
 895               	.LBE117:
 896               	.LBE116:
 897               	.LM144:
 898 03d4 C49A      		sbi 56-32,4
 899               	.LM145:
 900 03d6 4C0E      		add r4,r28
 901 03d8 5D1E      		adc r5,r29
 902               	.LM146:
 903 03da CE01      		movw r24,r28
 904 03dc A0E0      		ldi r26,lo8(0)
 905 03de B0E0      		ldi r27,hi8(0)
 906               	.LVL60:
 907 03e0 880E      		add r8,r24
 908 03e2 991E      		adc r9,r25
 909 03e4 AA1E      		adc r10,r26
 910 03e6 BB1E      		adc r11,r27
 911               	.LM147:
 912 03e8 6C1A      		sub r6,r28
 913 03ea 7D0A      		sbc r7,r29
 914               	.LM148:
 915 03ec 2092 0000 		sts raw_block_written,r2
 916 03f0 00C0      		rjmp .L111
 917               	.LVL61:
 918               	.L110:
 919               	.LBB118:
 920               	.LBB111:
 921               	.LM149:
 922 03f2 3324      		clr r3
 923 03f4 3A94      		dec r3
 924               	.LBE111:
 925               	.LBE118:
 926               	.LM150:
 927 03f6 2224      		clr r2
 928 03f8 2394      		inc r2
 929               	.LVL62:
 930               	.L111:
 931               	.LBE103:
 932               	.LM151:
 933 03fa 6114      		cp r6,__zero_reg__
 934 03fc 7104      		cpc r7,__zero_reg__
 935 03fe 01F0      		breq .+2
 936 0400 00C0      		rjmp .L100
 937 0402 00C0      		rjmp .L89
 938               	.LVL63:
 939               	.L81:
 940 0404 80E0      		ldi r24,lo8(0)
 941 0406 00C0      		rjmp .L91
 942               	.LVL64:
 943               	.L89:
 944 0408 81E0      		ldi r24,lo8(1)
 945               	.L91:
 946               	/* epilogue start */
 947               	.LM152:
 948 040a DF91      		pop r29
 949 040c CF91      		pop r28
 950               	.LVL65:
 951 040e 1F91      		pop r17
 952 0410 0F91      		pop r16
 953 0412 FF90      		pop r15
 954 0414 EF90      		pop r14
 955               	.LVL66:
 956 0416 DF90      		pop r13
 957 0418 CF90      		pop r12
 958               	.LVL67:
 959 041a BF90      		pop r11
 960 041c AF90      		pop r10
 961 041e 9F90      		pop r9
 962 0420 8F90      		pop r8
 963               	.LVL68:
 964 0422 7F90      		pop r7
 965 0424 6F90      		pop r6
 966               	.LVL69:
 967 0426 5F90      		pop r5
 968 0428 4F90      		pop r4
 969               	.LVL70:
 970 042a 3F90      		pop r3
 971 042c 2F90      		pop r2
 972 042e 0895      		ret
 973               	.LFE10:
 975               	.global	sd_raw_sync
 977               	sd_raw_sync:
 978               	.LFB12:
 979               	.LM153:
 980               	/* prologue: function */
 981               	/* frame size = 0 */
 982               	.LM154:
 983 0430 8091 0000 		lds r24,raw_block_written
 984 0434 8823      		tst r24
 985 0436 01F0      		breq .L113
 986 0438 81E0      		ldi r24,lo8(1)
 987 043a 0895      		ret
 988               	.L113:
 989               	.LM155:
 990 043c 6091 0000 		lds r22,raw_block_address
 991 0440 7091 0000 		lds r23,(raw_block_address)+1
 992 0444 8091 0000 		lds r24,(raw_block_address)+2
 993 0448 9091 0000 		lds r25,(raw_block_address)+3
 994 044c 40E0      		ldi r20,lo8(raw_block)
 995 044e 50E0      		ldi r21,hi8(raw_block)
 996 0450 20E0      		ldi r18,lo8(512)
 997 0452 32E0      		ldi r19,hi8(512)
 998 0454 0E94 0000 		call sd_raw_write
 999 0458 8823      		tst r24
 1000 045a 01F0      		breq .L114
 1001               	.LM156:
 1002 045c 81E0      		ldi r24,lo8(1)
 1003 045e 8093 0000 		sts raw_block_written,r24
 1004               	.L114:
 1005               	.LM157:
 1006 0462 0895      		ret
 1007               	.LFE12:
 1009               	.global	sd_raw_read
 1011               	sd_raw_read:
 1012               	.LFB8:
 1013               	.LM158:
 1014               	.LVL71:
 1015 0464 3F92      		push r3
 1016 0466 4F92      		push r4
 1017 0468 5F92      		push r5
 1018 046a 6F92      		push r6
 1019 046c 7F92      		push r7
 1020 046e 8F92      		push r8
 1021 0470 9F92      		push r9
 1022 0472 AF92      		push r10
 1023 0474 BF92      		push r11
 1024 0476 CF92      		push r12
 1025 0478 DF92      		push r13
 1026 047a EF92      		push r14
 1027 047c FF92      		push r15
 1028 047e 0F93      		push r16
 1029 0480 1F93      		push r17
 1030 0482 CF93      		push r28
 1031 0484 DF93      		push r29
 1032               	/* prologue: function */
 1033               	/* frame size = 0 */
 1034 0486 4B01      		movw r8,r22
 1035 0488 5C01      		movw r10,r24
 1036 048a 6A01      		movw r12,r20
 1037 048c 2901      		movw r4,r18
 1038               	.LBB119:
 1039               	.LBB120:
 1040               	.LBB121:
 1041               	.LM159:
 1042 048e 3324      		clr r3
 1043 0490 3A94      		dec r3
 1044 0492 00C0      		rjmp .L118
 1045               	.LVL72:
 1046               	.L134:
 1047               	.LBE121:
 1048               	.LBE120:
 1049               	.LBE119:
 1050               	.LM160:
 1051 0494 E12C      		mov r14,__zero_reg__
 1052 0496 AEEF      		ldi r26,hi8(-512)
 1053 0498 FA2E      		mov r15,r26
 1054 049a AFEF      		ldi r26,hlo8(-512)
 1055 049c 0A2F      		mov r16,r26
 1056 049e AFEF      		ldi r26,hhi8(-512)
 1057 04a0 1A2F      		mov r17,r26
 1058               	.LVL73:
 1059 04a2 E820      		and r14,r8
 1060 04a4 F920      		and r15,r9
 1061 04a6 0A21      		and r16,r10
 1062 04a8 1B21      		and r17,r11
 1063               	.LM161:
 1064 04aa FFEF      		ldi r31,lo8(511)
 1065 04ac 6F2E      		mov r6,r31
 1066 04ae F1E0      		ldi r31,hi8(511)
 1067 04b0 7F2E      		mov r7,r31
 1068 04b2 6820      		and r6,r8
 1069 04b4 7920      		and r7,r9
 1070               	.LM162:
 1071 04b6 C0E0      		ldi r28,lo8(512)
 1072 04b8 D2E0      		ldi r29,hi8(512)
 1073               	.LVL74:
 1074 04ba C619      		sub r28,r6
 1075 04bc D709      		sbc r29,r7
 1076 04be 4C16      		cp r4,r28
 1077 04c0 5D06      		cpc r5,r29
 1078 04c2 00F4      		brsh .L119
 1079 04c4 E201      		movw r28,r4
 1080               	.L119:
 1081               	.LM163:
 1082 04c6 8091 0000 		lds r24,raw_block_address
 1083 04ca 9091 0000 		lds r25,(raw_block_address)+1
 1084 04ce A091 0000 		lds r26,(raw_block_address)+2
 1085 04d2 B091 0000 		lds r27,(raw_block_address)+3
 1086 04d6 E816      		cp r14,r24
 1087 04d8 F906      		cpc r15,r25
 1088 04da 0A07      		cpc r16,r26
 1089 04dc 1B07      		cpc r17,r27
 1090 04de 01F4      		brne .+2
 1091 04e0 00C0      		rjmp .L120
 1092               	.LBB135:
 1093               	.LM164:
 1094 04e2 0E94 0000 		call sd_raw_sync
 1095 04e6 8823      		tst r24
 1096 04e8 01F4      		brne .+2
 1097 04ea 00C0      		rjmp .L122
 1098               	.LM165:
 1099 04ec C498      		cbi 56-32,4
 1100               	.LM166:
 1101 04ee 81E1      		ldi r24,lo8(17)
 1102 04f0 B801      		movw r22,r16
 1103 04f2 A701      		movw r20,r14
 1104 04f4 0E94 0000 		call sd_raw_send_command_r1
 1105 04f8 8823      		tst r24
 1106 04fa 01F0      		breq .L136
 1107               	.LM167:
 1108 04fc C49A      		sbi 56-32,4
 1109 04fe 80E0      		ldi r24,lo8(0)
 1110 0500 00C0      		rjmp .L122
 1111               	.L136:
 1112               	.LBB123:
 1113               	.LBB122:
 1114               	.LM168:
 1115 0502 3FB8      		out 47-32,r3
 1116               	.L124:
 1117               	.LM169:
 1118 0504 779B      		sbis 46-32,7
 1119 0506 00C0      		rjmp .L124
 1120               	.LM170:
 1121 0508 7798      		cbi 46-32,7
 1122               	.LM171:
 1123 050a 8FB1      		in r24,47-32
 1124               	.LBE122:
 1125               	.LBE123:
 1126               	.LM172:
 1127 050c 8E3F      		cpi r24,lo8(-2)
 1128 050e 01F4      		brne .L136
 1129 0510 E0E0      		ldi r30,lo8(raw_block)
 1130 0512 F0E0      		ldi r31,hi8(raw_block)
 1131               	.LVL75:
 1132               	.L127:
 1133               	.LBB124:
 1134               	.LBB125:
 1135               	.LBB126:
 1136               	.LM173:
 1137 0514 3FB8      		out 47-32,r3
 1138               	.L125:
 1139               	.LM174:
 1140 0516 779B      		sbis 46-32,7
 1141 0518 00C0      		rjmp .L125
 1142               	.LM175:
 1143 051a 7798      		cbi 46-32,7
 1144               	.LM176:
 1145 051c 8FB1      		in r24,47-32
 1146               	.LBE126:
 1147               	.LBE125:
 1148               	.LM177:
 1149 051e 8083      		st Z,r24
 1150               	.LM178:
 1151 0520 80E0      		ldi r24,hi8(raw_block+511)
 1152 0522 E030      		cpi r30,lo8(raw_block+511)
 1153 0524 F807      		cpc r31,r24
 1154 0526 01F0      		breq .L126
 1155               	.LM179:
 1156 0528 3196      		adiw r30,1
 1157 052a 00C0      		rjmp .L127
 1158               	.L126:
 1159               	.LBE124:
 1160               	.LM180:
 1161 052c E092 0000 		sts raw_block_address,r14
 1162 0530 F092 0000 		sts (raw_block_address)+1,r15
 1163 0534 0093 0000 		sts (raw_block_address)+2,r16
 1164 0538 1093 0000 		sts (raw_block_address)+3,r17
 1165               	.LM181:
 1166 053c 9301      		movw r18,r6
 1167 053e 2050      		subi r18,lo8(-(raw_block))
 1168 0540 3040      		sbci r19,hi8(-(raw_block))
 1169 0542 C601      		movw r24,r12
 1170               	.LVL76:
 1171 0544 B901      		movw r22,r18
 1172 0546 AE01      		movw r20,r28
 1173               	.LVL77:
 1174 0548 0E94 0000 		call memcpy
 1175               	.LVL78:
 1176               	.LBB127:
 1177               	.LBB128:
 1178               	.LM182:
 1179 054c 3FB8      		out 47-32,r3
 1180               	.L129:
 1181               	.LM183:
 1182 054e 779B      		sbis 46-32,7
 1183 0550 00C0      		rjmp .L129
 1184               	.LM184:
 1185 0552 7798      		cbi 46-32,7
 1186               	.LM185:
 1187 0554 8FB1      		in r24,47-32
 1188               	.LBE128:
 1189               	.LBE127:
 1190               	.LBB129:
 1191               	.LBB130:
 1192               	.LM186:
 1193 0556 3FB8      		out 47-32,r3
 1194               	.L130:
 1195               	.LM187:
 1196 0558 779B      		sbis 46-32,7
 1197 055a 00C0      		rjmp .L130
 1198               	.LM188:
 1199 055c 7798      		cbi 46-32,7
 1200               	.LM189:
 1201 055e 8FB1      		in r24,47-32
 1202               	.LBE130:
 1203               	.LBE129:
 1204               	.LM190:
 1205 0560 C49A      		sbi 56-32,4
 1206               	.LBB131:
 1207               	.LBB132:
 1208               	.LM191:
 1209 0562 3FB8      		out 47-32,r3
 1210               	.L131:
 1211               	.LM192:
 1212 0564 779B      		sbis 46-32,7
 1213 0566 00C0      		rjmp .L131
 1214               	.LBE132:
 1215               	.LBE131:
 1216               	.LM193:
 1217 0568 CC0E      		add r12,r28
 1218 056a DD1E      		adc r13,r29
 1219               	.LVL79:
 1220               	.LBB134:
 1221               	.LBB133:
 1222               	.LM194:
 1223 056c 7798      		cbi 46-32,7
 1224               	.LM195:
 1225 056e 8FB1      		in r24,47-32
 1226 0570 00C0      		rjmp .L132
 1227               	.LVL80:
 1228               	.L120:
 1229               	.LBE133:
 1230               	.LBE134:
 1231               	.LBE135:
 1232               	.LM196:
 1233 0572 9301      		movw r18,r6
 1234 0574 2050      		subi r18,lo8(-(raw_block))
 1235 0576 3040      		sbci r19,hi8(-(raw_block))
 1236 0578 C601      		movw r24,r12
 1237               	.LVL81:
 1238 057a B901      		movw r22,r18
 1239 057c AE01      		movw r20,r28
 1240               	.LVL82:
 1241 057e 0E94 0000 		call memcpy
 1242               	.LM197:
 1243 0582 CC0E      		add r12,r28
 1244 0584 DD1E      		adc r13,r29
 1245               	.LVL83:
 1246               	.L132:
 1247               	.LM198:
 1248 0586 4C1A      		sub r4,r28
 1249 0588 5D0A      		sbc r5,r29
 1250               	.LM199:
 1251 058a CE01      		movw r24,r28
 1252 058c A0E0      		ldi r26,lo8(0)
 1253 058e B0E0      		ldi r27,hi8(0)
 1254               	.LVL84:
 1255 0590 880E      		add r8,r24
 1256 0592 991E      		adc r9,r25
 1257 0594 AA1E      		adc r10,r26
 1258 0596 BB1E      		adc r11,r27
 1259               	.LVL85:
 1260               	.L118:
 1261               	.LM200:
 1262 0598 4114      		cp r4,__zero_reg__
 1263 059a 5104      		cpc r5,__zero_reg__
 1264 059c 01F0      		breq .+2
 1265 059e 00C0      		rjmp .L134
 1266 05a0 81E0      		ldi r24,lo8(1)
 1267               	.LVL86:
 1268               	.L122:
 1269               	/* epilogue start */
 1270               	.LM201:
 1271 05a2 DF91      		pop r29
 1272 05a4 CF91      		pop r28
 1273               	.LVL87:
 1274 05a6 1F91      		pop r17
 1275 05a8 0F91      		pop r16
 1276 05aa FF90      		pop r15
 1277 05ac EF90      		pop r14
 1278               	.LVL88:
 1279 05ae DF90      		pop r13
 1280 05b0 CF90      		pop r12
 1281               	.LVL89:
 1282 05b2 BF90      		pop r11
 1283 05b4 AF90      		pop r10
 1284 05b6 9F90      		pop r9
 1285 05b8 8F90      		pop r8
 1286               	.LVL90:
 1287 05ba 7F90      		pop r7
 1288 05bc 6F90      		pop r6
 1289               	.LVL91:
 1290 05be 5F90      		pop r5
 1291 05c0 4F90      		pop r4
 1292               	.LVL92:
 1293 05c2 3F90      		pop r3
 1294 05c4 0895      		ret
 1295               	.LFE8:
 1297               	.global	sd_raw_read_interval
 1299               	sd_raw_read_interval:
 1300               	.LFB9:
 1301               	.LM202:
 1302               	.LVL93:
 1303 05c6 2F92      		push r2
 1304 05c8 3F92      		push r3
 1305 05ca 4F92      		push r4
 1306 05cc 5F92      		push r5
 1307 05ce 6F92      		push r6
 1308 05d0 7F92      		push r7
 1309 05d2 8F92      		push r8
 1310 05d4 9F92      		push r9
 1311 05d6 AF92      		push r10
 1312 05d8 BF92      		push r11
 1313 05da CF92      		push r12
 1314               	.LVL94:
 1315 05dc DF92      		push r13
 1316 05de EF92      		push r14
 1317               	.LVL95:
 1318 05e0 FF92      		push r15
 1319 05e2 0F93      		push r16
 1320               	.LVL96:
 1321 05e4 1F93      		push r17
 1322 05e6 DF93      		push r29
 1323 05e8 CF93      		push r28
 1324 05ea 00D0      		rcall .
 1325 05ec 00D0      		rcall .
 1326 05ee CDB7      		in r28,__SP_L__
 1327 05f0 DEB7      		in r29,__SP_H__
 1328               	/* prologue: function */
 1329               	/* frame size = 4 */
 1330 05f2 4B01      		movw r8,r22
 1331 05f4 5C01      		movw r10,r24
 1332 05f6 3A01      		movw r6,r20
 1333 05f8 3C83      		std Y+4,r19
 1334 05fa 2B83      		std Y+3,r18
 1335 05fc 2701      		movw r4,r14
 1336               	.LVL97:
 1337 05fe DA82      		std Y+2,r13
 1338 0600 C982      		std Y+1,r12
 1339               	.LVL98:
 1340               	.LM203:
 1341 0602 4115      		cp r20,__zero_reg__
 1342 0604 5105      		cpc r21,__zero_reg__
 1343 0606 01F0      		breq .L144
 1344               	.LVL99:
 1345 0608 2115      		cp r18,__zero_reg__
 1346 060a 3105      		cpc r19,__zero_reg__
 1347 060c 01F0      		breq .L144
 1348               	.LVL100:
 1349 060e 0217      		cp r16,r18
 1350 0610 1307      		cpc r17,r19
 1351               	.LVL101:
 1352 0612 00F0      		brlo .L144
 1353 0614 E114      		cp r14,__zero_reg__
 1354 0616 F104      		cpc r15,__zero_reg__
 1355 0618 01F0      		breq .L144
 1356               	.LVL102:
 1357 061a 1901      		movw r2,r18
 1358 061c 3094      		com r3
 1359 061e 2194      		neg r2
 1360 0620 3108      		sbc r3,__zero_reg__
 1361 0622 3394      		inc r3
 1362 0624 021B      		sub r16,r18
 1363 0626 130B      		sbc r17,r19
 1364               	.LVL103:
 1365               	.LM204:
 1366 0628 6901      		movw r12,r18
 1367 062a EE24      		clr r14
 1368 062c FF24      		clr r15
 1369               	.LVL104:
 1370               	.L146:
 1371               	.LM205:
 1372 062e C501      		movw r24,r10
 1373 0630 B401      		movw r22,r8
 1374 0632 A301      		movw r20,r6
 1375 0634 2B81      		ldd r18,Y+3
 1376 0636 3C81      		ldd r19,Y+4
 1377 0638 0E94 0000 		call sd_raw_read
 1378 063c 8823      		tst r24
 1379 063e 01F0      		breq .L144
 1380               	.LVL105:
 1381               	.LM206:
 1382 0640 C301      		movw r24,r6
 1383 0642 B501      		movw r22,r10
 1384 0644 A401      		movw r20,r8
 1385 0646 2981      		ldd r18,Y+1
 1386 0648 3A81      		ldd r19,Y+2
 1387 064a F201      		movw r30,r4
 1388 064c 0995      		icall
 1389 064e 8823      		tst r24
 1390 0650 01F0      		breq .L145
 1391               	.LM207:
 1392 0652 020D      		add r16,r2
 1393 0654 131D      		adc r17,r3
 1394               	.LM208:
 1395 0656 8B81      		ldd r24,Y+3
 1396 0658 9C81      		ldd r25,Y+4
 1397 065a 800F      		add r24,r16
 1398 065c 911F      		adc r25,r17
 1399 065e 2B81      		ldd r18,Y+3
 1400 0660 3C81      		ldd r19,Y+4
 1401 0662 8217      		cp r24,r18
 1402 0664 9307      		cpc r25,r19
 1403 0666 00F0      		brlo .L145
 1404 0668 8C0C      		add r8,r12
 1405 066a 9D1C      		adc r9,r13
 1406 066c AE1C      		adc r10,r14
 1407 066e BF1C      		adc r11,r15
 1408 0670 00C0      		rjmp .L146
 1409               	.LVL106:
 1410               	.L144:
 1411 0672 80E0      		ldi r24,lo8(0)
 1412 0674 00C0      		rjmp .L147
 1413               	.LVL107:
 1414               	.L145:
 1415 0676 81E0      		ldi r24,lo8(1)
 1416               	.LVL108:
 1417               	.L147:
 1418               	/* epilogue start */
 1419               	.LM209:
 1420 0678 0F90      		pop __tmp_reg__
 1421 067a 0F90      		pop __tmp_reg__
 1422 067c 0F90      		pop __tmp_reg__
 1423 067e 0F90      		pop __tmp_reg__
 1424 0680 CF91      		pop r28
 1425 0682 DF91      		pop r29
 1426 0684 1F91      		pop r17
 1427 0686 0F91      		pop r16
 1428               	.LVL109:
 1429 0688 FF90      		pop r15
 1430 068a EF90      		pop r14
 1431               	.LVL110:
 1432 068c DF90      		pop r13
 1433 068e CF90      		pop r12
 1434 0690 BF90      		pop r11
 1435 0692 AF90      		pop r10
 1436 0694 9F90      		pop r9
 1437 0696 8F90      		pop r8
 1438               	.LVL111:
 1439 0698 7F90      		pop r7
 1440 069a 6F90      		pop r6
 1441               	.LVL112:
 1442 069c 5F90      		pop r5
 1443 069e 4F90      		pop r4
 1444               	.LVL113:
 1445 06a0 3F90      		pop r3
 1446 06a2 2F90      		pop r2
 1447 06a4 0895      		ret
 1448               	.LFE9:
 1450               	.global	sd_raw_init
 1452               	sd_raw_init:
 1453               	.LFB2:
 1454               	.LM210:
 1455 06a6 CF93      		push r28
 1456 06a8 DF93      		push r29
 1457               	/* prologue: function */
 1458               	/* frame size = 0 */
 1459               	.LM211:
 1460 06aa A498      		cbi 52-32,4
 1461               	.LM212:
 1462 06ac A598      		cbi 52-32,5
 1463               	.LM213:
 1464 06ae BD9A      		sbi 55-32,5
 1465               	.LM214:
 1466 06b0 BF9A      		sbi 55-32,7
 1467               	.LM215:
 1468 06b2 BC9A      		sbi 55-32,4
 1469               	.LM216:
 1470 06b4 BE98      		cbi 55-32,6
 1471               	.LM217:
 1472 06b6 C49A      		sbi 56-32,4
 1473               	.LM218:
 1474 06b8 83E5      		ldi r24,lo8(83)
 1475 06ba 8DB9      		out 45-32,r24
 1476               	.LM219:
 1477 06bc 7098      		cbi 46-32,0
 1478               	.LBB136:
 1479               	.LBB137:
 1480               	.LM220:
 1481 06be 83B3      		in r24,51-32
 1482               	.LBE137:
 1483               	.LBE136:
 1484               	.LM221:
 1485 06c0 8295      		swap r24
 1486 06c2 8F70      		andi r24,lo8(15)
 1487 06c4 80FD      		sbrc r24,0
 1488 06c6 00C0      		rjmp .L165
 1489               	.L150:
 1490 06c8 80E0      		ldi r24,lo8(0)
 1491               	.LVL114:
 1492               	.LBB138:
 1493               	.LBB139:
 1494               	.LBB140:
 1495               	.LM222:
 1496 06ca 9FEF      		ldi r25,lo8(-1)
 1497               	.L153:
 1498 06cc 9FB9      		out 47-32,r25
 1499               	.L152:
 1500               	.LM223:
 1501 06ce 779B      		sbis 46-32,7
 1502 06d0 00C0      		rjmp .L152
 1503               	.LM224:
 1504 06d2 7798      		cbi 46-32,7
 1505               	.LM225:
 1506 06d4 2FB1      		in r18,47-32
 1507               	.LBE140:
 1508               	.LBE139:
 1509               	.LM226:
 1510 06d6 8F5F      		subi r24,lo8(-(1))
 1511 06d8 8A30      		cpi r24,lo8(10)
 1512 06da 01F4      		brne .L153
 1513               	.LBE138:
 1514               	.LM227:
 1515 06dc C498      		cbi 56-32,4
 1516 06de C0E0      		ldi r28,lo8(0)
 1517 06e0 D0E0      		ldi r29,hi8(0)
 1518               	.LVL115:
 1519               	.L156:
 1520               	.LBB141:
 1521               	.LM228:
 1522 06e2 80E0      		ldi r24,lo8(0)
 1523               	.LVL116:
 1524 06e4 40E0      		ldi r20,lo8(0)
 1525 06e6 50E0      		ldi r21,hi8(0)
 1526 06e8 60E0      		ldi r22,hlo8(0)
 1527 06ea 70E0      		ldi r23,hhi8(0)
 1528 06ec 0E94 0000 		call sd_raw_send_command_r1
 1529               	.LM229:
 1530 06f0 8130      		cpi r24,lo8(1)
 1531 06f2 01F0      		breq .L154
 1532               	.LM230:
 1533 06f4 81E0      		ldi r24,hi8(511)
 1534 06f6 CF3F      		cpi r28,lo8(511)
 1535 06f8 D807      		cpc r29,r24
 1536 06fa 01F4      		brne .L155
 1537               	.LVL117:
 1538               	.L166:
 1539               	.LM231:
 1540 06fc C49A      		sbi 56-32,4
 1541               	.L165:
 1542 06fe 80E0      		ldi r24,lo8(0)
 1543 0700 00C0      		rjmp .L151
 1544               	.LVL118:
 1545               	.L155:
 1546               	.LM232:
 1547 0702 2196      		adiw r28,1
 1548 0704 00C0      		rjmp .L156
 1549               	.L154:
 1550               	.LM233:
 1551 0706 C0E0      		ldi r28,lo8(0)
 1552 0708 D0E0      		ldi r29,hi8(0)
 1553               	.LVL119:
 1554               	.L159:
 1555               	.LBE141:
 1556               	.LBB142:
 1557               	.LM234:
 1558 070a 81E0      		ldi r24,lo8(1)
 1559 070c 40E0      		ldi r20,lo8(0)
 1560 070e 50E0      		ldi r21,hi8(0)
 1561 0710 60E0      		ldi r22,hlo8(0)
 1562 0712 70E0      		ldi r23,hhi8(0)
 1563 0714 0E94 0000 		call sd_raw_send_command_r1
 1564               	.LM235:
 1565 0718 80FF      		sbrs r24,0
 1566 071a 00C0      		rjmp .L157
 1567               	.LM236:
 1568 071c 8FE7      		ldi r24,hi8(32767)
 1569 071e CF3F      		cpi r28,lo8(32767)
 1570 0720 D807      		cpc r29,r24
 1571 0722 01F0      		breq .L166
 1572               	.L158:
 1573               	.LM237:
 1574 0724 2196      		adiw r28,1
 1575 0726 00C0      		rjmp .L159
 1576               	.L157:
 1577               	.LBE142:
 1578               	.LM238:
 1579 0728 80E1      		ldi r24,lo8(16)
 1580 072a 40E0      		ldi r20,lo8(512)
 1581 072c 52E0      		ldi r21,hi8(512)
 1582 072e 60E0      		ldi r22,hlo8(512)
 1583 0730 70E0      		ldi r23,hhi8(512)
 1584 0732 0E94 0000 		call sd_raw_send_command_r1
 1585 0736 8823      		tst r24
 1586 0738 01F4      		brne .L166
 1587               	.L160:
 1588               	.LM239:
 1589 073a C49A      		sbi 56-32,4
 1590               	.LM240:
 1591 073c 8DB1      		in r24,45-32
 1592 073e 8C7F      		andi r24,lo8(-4)
 1593 0740 8DB9      		out 45-32,r24
 1594               	.LM241:
 1595 0742 709A      		sbi 46-32,0
 1596               	.LM242:
 1597 0744 8FEF      		ldi r24,lo8(-1)
 1598 0746 9FEF      		ldi r25,hi8(-1)
 1599 0748 AFEF      		ldi r26,hlo8(-1)
 1600 074a BFEF      		ldi r27,hhi8(-1)
 1601 074c 8093 0000 		sts raw_block_address,r24
 1602 0750 9093 0000 		sts (raw_block_address)+1,r25
 1603 0754 A093 0000 		sts (raw_block_address)+2,r26
 1604 0758 B093 0000 		sts (raw_block_address)+3,r27
 1605               	.LM243:
 1606 075c 81E0      		ldi r24,lo8(1)
 1607 075e 8093 0000 		sts raw_block_written,r24
 1608               	.LM244:
 1609 0762 60E0      		ldi r22,lo8(0)
 1610 0764 70E0      		ldi r23,hi8(0)
 1611 0766 80E0      		ldi r24,hlo8(0)
 1612 0768 90E0      		ldi r25,hhi8(0)
 1613 076a 40E0      		ldi r20,lo8(raw_block)
 1614 076c 50E0      		ldi r21,hi8(raw_block)
 1615 076e 20E0      		ldi r18,lo8(512)
 1616 0770 32E0      		ldi r19,hi8(512)
 1617 0772 0E94 0000 		call sd_raw_read
 1618 0776 8111      		cpse r24,__zero_reg__
 1619 0778 81E0      		ldi r24,lo8(1)
 1620               	.LVL120:
 1621               	.L151:
 1622               	/* epilogue start */
 1623               	.LM245:
 1624 077a DF91      		pop r29
 1625 077c CF91      		pop r28
 1626               	.LVL121:
 1627 077e 0895      		ret
 1628               	.LFE2:
 1630               	.global	sd_raw_write_interval
 1632               	sd_raw_write_interval:
 1633               	.LFB11:
 1634               	.LM246:
 1635               	.LVL122:
 1636 0780 4F92      		push r4
 1637 0782 5F92      		push r5
 1638 0784 6F92      		push r6
 1639 0786 7F92      		push r7
 1640 0788 8F92      		push r8
 1641 078a 9F92      		push r9
 1642 078c AF92      		push r10
 1643 078e BF92      		push r11
 1644 0790 CF92      		push r12
 1645 0792 DF92      		push r13
 1646 0794 EF92      		push r14
 1647               	.LVL123:
 1648 0796 FF92      		push r15
 1649 0798 0F93      		push r16
 1650               	.LVL124:
 1651 079a 1F93      		push r17
 1652 079c CF93      		push r28
 1653 079e DF93      		push r29
 1654               	/* prologue: function */
 1655               	/* frame size = 0 */
 1656 07a0 5B01      		movw r10,r22
 1657 07a2 6C01      		movw r12,r24
 1658 07a4 4A01      		movw r8,r20
 1659 07a6 E901      		movw r28,r18
 1660 07a8 3801      		movw r6,r16
 1661               	.LVL125:
 1662 07aa 2701      		movw r4,r14
 1663               	.LVL126:
 1664               	.LM247:
 1665 07ac 4115      		cp r20,__zero_reg__
 1666 07ae 5105      		cpc r21,__zero_reg__
 1667 07b0 01F0      		breq .L168
 1668               	.LVL127:
 1669 07b2 0115      		cp r16,__zero_reg__
 1670 07b4 1105      		cpc r17,__zero_reg__
 1671 07b6 01F0      		breq .L168
 1672               	.LVL128:
 1673               	.LM248:
 1674 07b8 FF24      		clr r15
 1675               	.LVL129:
 1676 07ba 2115      		cp r18,__zero_reg__
 1677 07bc 3105      		cpc r19,__zero_reg__
 1678 07be 01F4      		brne .L176
 1679               	.LVL130:
 1680 07c0 FF24      		clr r15
 1681 07c2 F394      		inc r15
 1682 07c4 00C0      		rjmp .L176
 1683               	.LVL131:
 1684               	.L173:
 1685               	.LBB143:
 1686               	.LM249:
 1687 07c6 C401      		movw r24,r8
 1688 07c8 B601      		movw r22,r12
 1689 07ca A501      		movw r20,r10
 1690 07cc 9201      		movw r18,r4
 1691 07ce F301      		movw r30,r6
 1692 07d0 0995      		icall
 1693               	.LVL132:
 1694 07d2 8C01      		movw r16,r24
 1695               	.LM250:
 1696 07d4 0097      		sbiw r24,0
 1697 07d6 01F0      		breq .L171
 1698               	.LVL133:
 1699               	.LM251:
 1700 07d8 FF20      		tst r15
 1701 07da 01F4      		brne .L172
 1702 07dc C817      		cp r28,r24
 1703 07de D907      		cpc r29,r25
 1704 07e0 00F0      		brlo .L168
 1705               	.L172:
 1706               	.LM252:
 1707 07e2 C601      		movw r24,r12
 1708 07e4 B501      		movw r22,r10
 1709 07e6 A401      		movw r20,r8
 1710 07e8 9801      		movw r18,r16
 1711 07ea 0E94 0000 		call sd_raw_write
 1712               	.LVL134:
 1713 07ee 8823      		tst r24
 1714 07f0 01F0      		breq .L168
 1715               	.LM253:
 1716 07f2 C801      		movw r24,r16
 1717 07f4 A0E0      		ldi r26,lo8(0)
 1718 07f6 B0E0      		ldi r27,hi8(0)
 1719               	.LVL135:
 1720 07f8 A80E      		add r10,r24
 1721 07fa B91E      		adc r11,r25
 1722 07fc CA1E      		adc r12,r26
 1723 07fe DB1E      		adc r13,r27
 1724               	.LM254:
 1725 0800 C01B      		sub r28,r16
 1726 0802 D10B      		sbc r29,r17
 1727               	.LVL136:
 1728               	.L176:
 1729               	.LBE143:
 1730               	.LM255:
 1731 0804 FF20      		tst r15
 1732 0806 01F4      		brne .L173
 1733 0808 2097      		sbiw r28,0
 1734 080a 01F4      		brne .L173
 1735 080c 00C0      		rjmp .L171
 1736               	.LVL137:
 1737               	.L168:
 1738 080e 80E0      		ldi r24,lo8(0)
 1739 0810 00C0      		rjmp .L174
 1740               	.LVL138:
 1741               	.L171:
 1742 0812 81E0      		ldi r24,lo8(1)
 1743               	.LVL139:
 1744               	.L174:
 1745               	/* epilogue start */
 1746               	.LM256:
 1747 0814 DF91      		pop r29
 1748 0816 CF91      		pop r28
 1749               	.LVL140:
 1750 0818 1F91      		pop r17
 1751 081a 0F91      		pop r16
 1752               	.LVL141:
 1753 081c FF90      		pop r15
 1754               	.LVL142:
 1755 081e EF90      		pop r14
 1756 0820 DF90      		pop r13
 1757 0822 CF90      		pop r12
 1758 0824 BF90      		pop r11
 1759 0826 AF90      		pop r10
 1760               	.LVL143:
 1761 0828 9F90      		pop r9
 1762 082a 8F90      		pop r8
 1763               	.LVL144:
 1764 082c 7F90      		pop r7
 1765 082e 6F90      		pop r6
 1766               	.LVL145:
 1767 0830 5F90      		pop r5
 1768 0832 4F90      		pop r4
 1769               	.LVL146:
 1770 0834 0895      		ret
 1771               	.LFE11:
 1773               		.lcomm raw_block,512
 1774               		.lcomm raw_block_address,4
 1775               		.lcomm raw_block_written,1
 1872               	.Letext0:
DEFINED SYMBOLS
                            *ABS*:00000000 sd_raw.c
C:\Users\CUI\AppData\Local\Temp/ccjj8uIj.s:2      *ABS*:0000003f __SREG__
C:\Users\CUI\AppData\Local\Temp/ccjj8uIj.s:3      *ABS*:0000003e __SP_H__
C:\Users\CUI\AppData\Local\Temp/ccjj8uIj.s:4      *ABS*:0000003d __SP_L__
C:\Users\CUI\AppData\Local\Temp/ccjj8uIj.s:5      *ABS*:00000034 __CCP__
C:\Users\CUI\AppData\Local\Temp/ccjj8uIj.s:6      *ABS*:00000000 __tmp_reg__
C:\Users\CUI\AppData\Local\Temp/ccjj8uIj.s:7      *ABS*:00000001 __zero_reg__
C:\Users\CUI\AppData\Local\Temp/ccjj8uIj.s:18     .text:00000000 sd_raw_available
C:\Users\CUI\AppData\Local\Temp/ccjj8uIj.s:36     .text:0000000c sd_raw_locked
C:\Users\CUI\AppData\Local\Temp/ccjj8uIj.s:54     .text:0000001a sd_raw_send_command_r1
C:\Users\CUI\AppData\Local\Temp/ccjj8uIj.s:210    .text:00000096 sd_raw_get_info
C:\Users\CUI\AppData\Local\Temp/ccjj8uIj.s:648    .text:0000028e sd_raw_write
C:\Users\CUI\AppData\Local\Temp/ccjj8uIj.s:1773   .bss:00000200 raw_block_address
C:\Users\CUI\AppData\Local\Temp/ccjj8uIj.s:977    .text:00000430 sd_raw_sync
                             .bss:00000000 raw_block
C:\Users\CUI\AppData\Local\Temp/ccjj8uIj.s:1011   .text:00000464 sd_raw_read
C:\Users\CUI\AppData\Local\Temp/ccjj8uIj.s:1774   .bss:00000204 raw_block_written
C:\Users\CUI\AppData\Local\Temp/ccjj8uIj.s:1299   .text:000005c6 sd_raw_read_interval
C:\Users\CUI\AppData\Local\Temp/ccjj8uIj.s:1452   .text:000006a6 sd_raw_init
C:\Users\CUI\AppData\Local\Temp/ccjj8uIj.s:1632   .text:00000780 sd_raw_write_interval

UNDEFINED SYMBOLS
memcpy
__do_clear_bss
